<?xml version="1.0" encoding="UTF-8"?>
<!-- Generated by org.testng.reporters.JUnitXMLReporter -->
<testsuite ignored="0" hostname="LAPTOP-DOBLN3AU" failures="0" tests="3" name="Default test" time="1.65" errors="0" timestamp="2021-12-07T09:57:44 IST">
  <testcase classname="projectwork.GetbyId" name="getID" time="1.529"/>
  <testcase classname="projectwork.GetbyId" name="getqueryparam" time="0.046"/>
  <testcase classname="projectwork.GetbyId" name="logdemo" time="0.026"/>
</testsuite> <!-- Default test -->
