<?xml version="1.0" encoding="UTF-8"?>
<!-- Generated by org.testng.reporters.JUnitXMLReporter -->
<testsuite ignored="0" hostname="LAPTOP-DOBLN3AU" failures="1" tests="3" name="TestOne" time="0.037" errors="0" timestamp="18 Oct 2021 12:58:09 GMT">
  <testcase classname="exportToExcelTestNG.TestOne" name="testMethodFail" time="0.008">
    <failure type="java.lang.AssertionError" message="expected [true] but found [false]">
      <![CDATA[java.lang.AssertionError: expected [true] but found [false]
at exportToExcelTestNG.TestOne.testMethodFail(TestOne.java:19)
... Removed 29 stack frames]]>
    </failure>
  </testcase> <!-- testMethodFail -->
  <testcase classname="exportToExcelTestNG.TestOne" name="testMethodPass" time="0.001"/>
  <testcase classname="exportToExcelTestNG.TestOne" name="testMethodSkip" time="0.002">
    <skipped/>
  </testcase> <!-- testMethodSkip -->
</testsuite> <!-- TestOne -->
