<?xml version="1.0" encoding="UTF-8"?>
<testng-results ignored="0" total="1" passed="1" failed="0" skipped="0">
  <reporter-output>
  </reporter-output>
  <suite started-at="2021-11-27T17:56:10 IST" name="Default suite" finished-at="2021-11-27T17:56:12 IST" duration-ms="2050">
    <groups>
    </groups>
    <test started-at="2021-11-27T17:56:10 IST" name="Default test" finished-at="2021-11-27T17:56:12 IST" duration-ms="2050">
      <class name="com.rest.logging.NoheadersInlog">
        <test-method signature="validate_logging()[pri:0, instance:com.rest.logging.NoheadersInlog@5f9b2141]" started-at="2021-11-27T17:56:10 IST" name="validate_logging" finished-at="2021-11-27T17:56:12 IST" duration-ms="2019" status="PASS">
          <reporter-output>
          </reporter-output>
        </test-method> <!-- validate_logging -->
      </class> <!-- com.rest.logging.NoheadersInlog -->
    </test> <!-- Default test -->
  </suite> <!-- Default suite -->
</testng-results>
